<?xml version="1.0" encoding="UTF-8"?>
<testsuite name="HelloTest" tests="1" skipped="0" failures="0" errors="0" timestamp="2020-08-29T17:26:19" hostname="Mariantys-MacBook-Pro.local" time="0.007">
  <properties/>
  <testcase name="testGetHello" classname="HelloTest" time="0.007"/>
  <system-out><![CDATA[Antes del Test
Durante el test
Despues de test
]]></system-out>
  <system-err><![CDATA[]]></system-err>
</testsuite>
